"../../../Engine/Content/EditorMaterials/WidgetMaterial_X.uasset" 0
"../../../Engine/Content/MapTemplates/Sky/Desert_Outer_HDR.uasset" 1
"../../../Engine/Content/MapTemplates/Sky/Desert_Outer_HDR_Mat.uasset" 2
"../../../Engine/Content/Functions/Engine_MaterialFunctions01/Gradient/LinearGradient.uasset" 3
"../../../Engine/Content/Functions/Engine_MaterialFunctions01/ImageAdjustment/CheapContrast.uasset" 4
"../../../Engine/Content/EngineMaterials/DefaultDiffuse.uasset" 5
"../../../Engine/Content/Functions/Engine_MaterialFunctions01/Texturing/WorldAlignedTexture.uasset" 6
"../../../../../Perforce/Eric.Galway_GBC/Eric.Galway/Assignment1/Content/LampPackv02/Material/M_Chrome.uasset" 7
"../../../../../Perforce/Eric.Galway_GBC/Eric.Galway/Assignment1/Content/LampPackv02/Textures/T_Roughness01_D.uasset" 8
"../../../../../Perforce/Eric.Galway_GBC/Eric.Galway/Assignment1/Content/LampPackv02/Material/MI_Ceramic01.uasset" 9
"../../../../../Perforce/Eric.Galway_GBC/Eric.Galway/Assignment1/Content/LampPackv02/Material/MI_Chrome01.uasset" 10
"../../../../../Perforce/Eric.Galway_GBC/Eric.Galway/Assignment1/Content/LampPackv02/Material/MI_Gold01.uasset" 11
"../../../../../Perforce/Eric.Galway_GBC/Eric.Galway/Assignment1/Content/LampPackv02/Material/M_Emissive.uasset" 12
"../../../../../Perforce/Eric.Galway_GBC/Eric.Galway/Assignment1/Content/LampPackv02/Material/MI_Lamp01.uasset" 13
"../../../../../Perforce/Eric.Galway_GBC/Eric.Galway/Assignment1/Content/LampPackv02/Material/MI_Steel01.uasset" 14
"../../../../../Perforce/Eric.Galway_GBC/Eric.Galway/Assignment1/Content/LampPackv02/StaticMesh/SM_Bulb11.uasset" 15
"../../../../../Perforce/Eric.Galway_GBC/Eric.Galway/Assignment1/Content/Blueprints/bp_Hockey_Light.uasset" 16
"../../../../../Perforce/Eric.Galway_GBC/Eric.Galway/Assignment1/Content/bp_Hockey_Light.uasset" 17
"../../../../../Perforce/Eric.Galway_GBC/Eric.Galway/Assignment1/Content/bo_Hockey_Light.uasset" 18
"../../../Engine/Content/EngineDebugMaterials/VertexColorViewMode_BlueOnly.uasset" 19
"../../../Engine/Content/Functions/Engine_MaterialFunctions01/Opacity/CameraDepthFade.uasset" 20
"../../../Engine/Content/EngineMaterials/T_Default_Material_Grid_M.uasset" 21
"../../../Engine/Content/EngineMaterials/T_Default_Material_Grid_N.uasset" 22
"../../../Engine/Content/EngineMaterials/WorldGridMaterial.uasset" 23
"../../../Engine/Content/BasicShapes/Plane.uasset" 24
"../../../../../Perforce/Eric.Galway_GBC/Eric.Galway/Assignment1/Content/Astetic_Blueprints/bp_BlueLine.uasset" 25
"../../../../../Perforce/Eric.Galway_GBC/Eric.Galway/Assignment1/Content/bp_BlueLine.uasset" 26
"../../../Engine/Content/BasicShapes/BasicShapeMaterial.uasset" 27
"../../../Engine/Content/BasicShapes/Cube.uasset" 28
"../../../../../Perforce/Eric.Galway_GBC/Eric.Galway/Assignment1/Content/Blueprints/bp_board.uasset" 29
"../../../../../Perforce/Eric.Galway_GBC/Eric.Galway/Assignment1/Content/bp_board.uasset" 30
"../../../Engine/Content/EngineDebugMaterials/VertexColorViewMode_RedOnly.uasset" 31
"../../../../../Perforce/Eric.Galway_GBC/Eric.Galway/Assignment1/Content/Astetic_Blueprints/bp_CenterLine.uasset" 32
"../../../../../Perforce/Eric.Galway_GBC/Eric.Galway/Assignment1/Content/bp_CenterLine.uasset" 33
"../../../Engine/Content/EditorBlueprintResources/StandardMacros.uasset" 34
"../../../Engine/Content/MapTemplates/Sky/M_BlackBackground.uasset" 35
"../../../../../Perforce/Eric.Galway_GBC/Eric.Galway/Assignment1/Content/Goal_Horn.uasset" 36
"../../../../../Perforce/Eric.Galway_GBC/Eric.Galway/Assignment1/Content/Goal_Horn_Cue.uasset" 37
"../../../../../Perforce/Eric.Galway_GBC/Eric.Galway/Assignment1/Content/UI/Goal.uasset" 38
"../../../../../Perforce/Eric.Galway_GBC/Eric.Galway/Assignment1/Content/Blueprints/bp_Goal.uasset" 39
"../../../../../Perforce/Eric.Galway_GBC/Eric.Galway/Assignment1/Content/Blueprints/bp_Goal2.uasset" 40
"../../../Engine/Content/EditorMaterials/HelpFlatColour.uasset" 41
"../../../Engine/Content/EditorMaterials/HelpFlatColour_Blk_Inst.uasset" 42
"../../../Engine/Content/EngineMaterials/DefaultMaterial.uasset" 43
"../../../Engine/Content/BasicShapes/Cylinder.uasset" 44
"../../../../../Perforce/Eric.Galway_GBC/Eric.Galway/Assignment1/Content/Blueprints/bp_Puck.uasset" 45
"../../../../../Perforce/Eric.Galway_GBC/Eric.Galway/Assignment1/Content/UI/Hockey.uasset" 46
"../../../../../Perforce/Eric.Galway_GBC/Eric.Galway/Assignment1/Content/UI/PauseMenu.uasset" 47
"../../../../../Perforce/Eric.Galway_GBC/Eric.Galway/Assignment1/Content/Blueprints/bp_PC.uasset" 48
"../../../../../Perforce/Eric.Galway_GBC/Eric.Galway/Assignment1/Content/UI/Score.uasset" 49
"../../../../../Perforce/Eric.Galway_GBC/Eric.Galway/Assignment1/Content/UI/BeginGame.uasset" 50
"../../../../../Perforce/Eric.Galway_GBC/Eric.Galway/Assignment1/Content/Blueprints/bp_Paddle.uasset" 51
"../../../../../Perforce/Eric.Galway_GBC/Eric.Galway/Assignment1/Content/Blueprints/BP_Enemy.uasset" 52
"../../../../../Perforce/Eric.Galway_GBC/Eric.Galway/Assignment1/Content/BP_Enemy.uasset" 53
"../../../../../Perforce/Eric.Galway_GBC/Eric.Galway/Assignment1/Content/BP_GameInstance.uasset" 54
"../../../../../Perforce/Eric.Galway_GBC/Eric.Galway/Assignment1/Content/BP_GameMode.uasset" 55
"../../../../../Perforce/Eric.Galway_GBC/Eric.Galway/Assignment1/Content/bp_Goal.uasset" 56
"../../../../../Perforce/Eric.Galway_GBC/Eric.Galway/Assignment1/Content/bp_Goal2.uasset" 57
"../../../Engine/Content/MapTemplates/TilingNoise05.uasset" 58
"../../../../../Perforce/Eric.Galway_GBC/Eric.Galway/Assignment1/Content/Material/Rock_N_T.uasset" 59
"../../../../../Perforce/Eric.Galway_GBC/Eric.Galway/Assignment1/Content/Material/Snow_N_T.uasset" 60
"../../../../../Perforce/Eric.Galway_GBC/Eric.Galway/Assignment1/Content/Material/Ice_M.uasset" 61
"../../../../../Perforce/Eric.Galway_GBC/Eric.Galway/Assignment1/Content/Material/Ice_M_Inst.uasset" 62
"../../../Engine/Content/EngineMeshes/Cube.uasset" 63
"../../../../../Perforce/Eric.Galway_GBC/Eric.Galway/Assignment1/Content/Blueprints/bp_Ice.uasset" 64
"../../../../../Perforce/Eric.Galway_GBC/Eric.Galway/Assignment1/Content/bp_Ice.uasset" 65
"../../../../../Perforce/Eric.Galway_GBC/Eric.Galway/Assignment1/Content/bp_Paddle.uasset" 66
"../../../../../Perforce/Eric.Galway_GBC/Eric.Galway/Assignment1/Content/bp_PC.uasset" 67
"../../../../../Perforce/Eric.Galway_GBC/Eric.Galway/Assignment1/Content/bp_Puck.uasset" 68
"../../../Engine/Content/EditorMeshes/ColorCalibrator/M_ChromeBall.uasset" 69
"../../../../../Perforce/Eric.Galway_GBC/Eric.Galway/Assignment1/Content/StarterContent/Materials/M_Glass.uasset" 70
"../../../../../Perforce/Eric.Galway_GBC/Eric.Galway/Assignment1/Content/Astetic_Blueprints/NewBlueprint.uasset" 71
"../../../../../Perforce/Eric.Galway_GBC/Eric.Galway/Assignment1/Content/NewBlueprint.uasset" 72
"../../../Engine/Content/Tutorial/SubEditors/TutorialAssets/TutorialMaterial.uasset" 73
"../../../../../Perforce/Eric.Galway_GBC/Eric.Galway/Assignment1/Content/Blueprints/bp_Wall.uasset" 74
"../../../../../Perforce/Eric.Galway_GBC/Eric.Galway/Assignment1/Content/StarterContent/Props/SM_GlassWindow.uasset" 75
"../../../Engine/Content/Animation/DefaultAnimCurveCompressionSettings.uasset" 76
"../../../Engine/Content/ArtTools/RenderToTexture/Meshes/S_1_Unit_Plane.uasset" 77
"../../../Engine/Content/BasicShapes/Cone.uasset" 78
"../../../Engine/Content/BasicShapes/Sphere.uasset" 79
"../../../Engine/Content/EditorLandscapeResources/DataLayer.uasset" 80
"../../../Engine/Content/EditorMaterials/MAT_Groups_Toggle.uasset" 81
"../../../Engine/Content/EditorMaterials/MAT_Groups_Visibility.uasset" 82
"../../../Engine/Content/EditorMaterials/PreviewShadowIndicator.uasset" 83
"../../../Engine/Content/EditorMaterials/PreviewShadowIndicatorMaterial.uasset" 84
"../../../Engine/Content/EditorMaterials/MatineeGroups/MAT_ColorTrack.uasset" 85
"../../../Engine/Content/EditorMaterials/MatineeGroups/MAT_Groups_Anim.uasset" 86
"../../../Engine/Content/EditorMaterials/MatineeGroups/MAT_Groups_AudioMaster.uasset" 87
"../../../Engine/Content/EditorMaterials/MatineeGroups/MAT_Groups_Director.uasset" 88
"../../../Engine/Content/EditorMaterials/MatineeGroups/MAT_Groups_Event.uasset" 89
"../../../Engine/Content/EditorMaterials/MatineeGroups/MAT_Groups_Fade.uasset" 90
"../../../Engine/Content/EditorMaterials/MatineeGroups/MAT_Groups_Float.uasset" 91
"../../../Engine/Content/EditorMaterials/MatineeGroups/MAT_Groups_Move.uasset" 92
"../../../Engine/Content/EditorMaterials/MatineeGroups/MAT_Groups_Slomo.uasset" 93
"../../../Engine/Content/EditorMaterials/MatineeGroups/MAT_Groups_Sound.uasset" 94
"../../../Engine/Content/EditorMaterials/MatineeGroups/MAT_Groups_Vector.uasset" 95
"../../../Engine/Content/EditorMaterials/ParticleSystems/PSysThumbnail_NoImage.uasset" 96
"../../../Engine/Content/EditorMaterials/ParticleSystems/PSysThumbnail_OOD.uasset" 97
"../../../Engine/Content/EditorMaterials/Camera/CineMat.uasset" 98
"../../../Engine/Content/EditorMaterials/Camera/MI_CineMat_Rig.uasset" 99
"../../../Engine/Content/EditorMeshes/Camera/SM_CraneRig_Arm.uasset" 100
"../../../Engine/Content/EditorMeshes/Camera/SM_CraneRig_Base.uasset" 101
"../../../Engine/Content/EditorMeshes/Camera/SM_CraneRig_Body.uasset" 102
"../../../Engine/Content/EditorMeshes/Camera/SM_CraneRig_Mount.uasset" 103
"../../../Engine/Content/EditorMeshes/Camera/SM_RailRig_Mount.uasset" 104
"../../../Engine/Content/EditorMeshes/Camera/SM_RailRig_Track.uasset" 105
"../../../Engine/Content/EditorResources/BSPVertex.uasset" 106
"../../../Engine/Content/EditorResources/EmptyActor.uasset" 107
"../../../Engine/Content/EditorResources/S_Actor.uasset" 108
"../../../Engine/Content/EditorResources/S_Note.uasset" 109
"../../../Engine/Content/EditorResources/S_Solver.uasset" 110
"../../../Engine/Content/EditorResources/S_Trigger.uasset" 111
"../../../Engine/Content/EditorResources/LightIcons/S_LightError.uasset" 112
"../../../Engine/Content/EditorResources/SequenceRecorder/Countdown.uasset" 113
"../../../Engine/Content/EditorResources/SequenceRecorder/RecordingIndicator.uasset" 114
"../../../Engine/Content/EditorSounds/Notifications/CompileFailed.uasset" 115
"../../../Engine/Content/EditorSounds/Notifications/CompileFailed_Cue.uasset" 116
"../../../Engine/Content/EditorSounds/Notifications/CompileSuccess.uasset" 117
"../../../Engine/Content/EditorSounds/Notifications/CompileStart_Cue.uasset" 118
"../../../Engine/Content/EditorSounds/Notifications/CompileSuccess_Cue.uasset" 119
"../../../Engine/Content/EngineDamageTypes/DmgTypeBP_Environmental.uasset" 120
"../../../Engine/Content/EngineDebugMaterials/DebugEditorMaterial.uasset" 121
"../../../Engine/Content/EngineDebugMaterials/DebugMeshMaterial.uasset" 122
"../../../Engine/Content/EngineDebugMaterials/M_SimpleUnlitTranslucent.uasset" 123
"../../../Engine/Content/Functions/Engine_MaterialFunctions02/Utility/CameraDirectionVector.uasset" 124
"../../../Engine/Content/EngineDebugMaterials/VolumeToRender.uasset" 125
"../../../Engine/Content/EngineDebugMaterials/M_VolumeRenderSphereTracePP.uasset" 126
"../../../Engine/Content/EngineDebugMaterials/WireframeMaterial.uasset" 127
"../../../Engine/Content/EngineFonts/Faces/DroidSansFallback.uasset" 128
"../../../Engine/Content/EngineFonts/Faces/RobotoBold.uasset" 129
"../../../Engine/Content/EngineFonts/Faces/RobotoBoldItalic.uasset" 130
"../../../Engine/Content/EngineFonts/Faces/RobotoItalic.uasset" 131
"../../../Engine/Content/EngineFonts/Faces/RobotoLight.uasset" 132
"../../../Engine/Content/EngineFonts/Faces/RobotoRegular.uasset" 133
"../../../Engine/Content/EngineFonts/Roboto.uasset" 134
"../../../Engine/Content/EngineMaterials/BaseFlattenDiffuseMap.uasset" 135
"../../../Engine/Content/EngineMaterials/BaseFlattenEmissiveMap.uasset" 136
"../../../Engine/Content/EngineMaterials/BaseFlattenGrayscaleMap.uasset" 137
"../../../Engine/Content/EngineMaterials/BaseFlattenNormalMap.uasset" 138
"../../../Engine/Content/EngineMaterials/BaseFlattenMaterial.uasset" 139
"../../../Engine/Content/EngineMaterials/BlueNoise.uasset" 140
"../../../Engine/Content/EngineMaterials/DefaultBloomKernel.uasset" 141
"../../../Engine/Content/EngineMaterials/DefaultBokeh.uasset" 142
"../../../Engine/Content/EngineMaterials/DefaultDeferredDecalMaterial.uasset" 143
"../../../Engine/Content/EngineMaterials/DefaultLightFunctionMaterial.uasset" 144
"../../../Engine/Content/EngineMaterials/DefaultPhysicalMaterial.uasset" 145
"../../../Engine/Content/Functions/Engine_MaterialFunctions02/Utility/BreakOutFloat2Components.uasset" 146
"../../../Engine/Content/EngineMaterials/DefaultPostProcessMaterial.uasset" 147
"../../../Engine/Content/EngineFonts/RobotoDistanceField.uasset" 148
"../../../Engine/Content/EngineMaterials/DefaultTextMaterialOpaque.uasset" 149
"../../../Engine/Content/EngineMaterials/DefaultWhiteGrid.uasset" 150
"../../../Engine/Content/EngineMaterials/DefaultWhiteGrid_Low.uasset" 151
"../../../Engine/Content/EngineMaterials/EmissiveMeshMaterial.uasset" 152
"../../../Engine/Content/EngineMaterials/GizmoMaterial.uasset" 153
"../../../Engine/Content/EngineMaterials/Good64x64TilingNoiseHighFreq.uasset" 154
"../../../Engine/Content/EngineMaterials/MiniFont.uasset" 155
"../../../Engine/Content/EngineMaterials/InvalidLightmapSettings.uasset" 156
"../../../Engine/Content/EngineMaterials/M_InvalidLightmapSettings.uasset" 157
"../../../Engine/Content/Functions/Engine_MaterialFunctions02/WorldPositionOffset/CameraOffset.uasset" 158
"../../../Engine/Content/EngineMaterials/PhAT_JointLimitMaterial.uasset" 159
"../../../Engine/Content/EngineMaterials/PreintegratedSkinBRDF.uasset" 160
"../../../Engine/Content/EngineMaterials/RemoveSurfaceMaterial.uasset" 161
"../../../Engine/Content/EngineMaterials/WeightMapPlaceholderTexture.uasset" 162
"../../../Engine/Content/EngineResources/WhiteSquareTexture.uasset" 163
"../../../Engine/Content/EngineMaterials/Widget3DPassThrough.uasset" 164
"../../../Engine/Content/EngineMaterials/Widget3DPassThrough_Masked.uasset" 165
"../../../Engine/Content/EngineMaterials/Widget3DPassThrough_Opaque.uasset" 166
"../../../Engine/Content/EngineMaterials/Widget3DPassThrough_Masked_OneSided.uasset" 167
"../../../Engine/Content/EngineMaterials/Widget3DPassThrough_Opaque_OneSided.uasset" 168
"../../../Engine/Content/EngineMaterials/Widget3DPassThrough_Translucent.uasset" 169
"../../../Engine/Content/EngineMaterials/Widget3DPassThrough_Translucent_OneSided.uasset" 170
"../../../Engine/Content/EngineMeshes/Cylinder.uasset" 171
"../../../Engine/Content/EngineMeshes/Sphere.uasset" 172
"../../../Engine/Content/EngineResources/Black.uasset" 173
"../../../Engine/Content/EngineResources/DefaultTexture.uasset" 174
"../../../Engine/Content/EngineResources/DefaultTextureCube.uasset" 175
"../../../Engine/Content/EngineResources/DefaultVolumeTexture2D.uasset" 176
"../../../Engine/Content/EngineResources/DefaultVolumeTexture.uasset" 177
"../../../Engine/Content/EngineResources/GradientTexture0.uasset" 178
"../../../Engine/Content/EngineSounds/Master.uasset" 179
"../../../Engine/Content/Functions/Engine_MaterialFunctions01/Shading/ConvertFromDiffSpec.uasset" 180
"../../../Engine/Content/Functions/Engine_MaterialFunctions01/Shading/PowerToRoughness.uasset" 181
"../../../Engine/Content/Maps/Templates/Thumbnails/Default.uasset" 182
"../../../Engine/Content/Maps/Templates/Thumbnails/TimeOfDay.uasset" 183
"../../../Engine/Content/Maps/Templates/Thumbnails/VR-Basic.uasset" 184
"../../../Engine/Content/MobileResources/T_MobileControls_texture.uasset" 185
"../../../Engine/Content/MobileResources/T_MobileMenu2.uasset" 186
"../../../Engine/Content/MobileResources/HUD/AnalogHat.uasset" 187
"../../../Engine/Content/MobileResources/HUD/VirtualJoystick_Background.uasset" 188
"../../../Engine/Content/MobileResources/HUD/VirtualJoystick_Thumb.uasset" 189
"../../../Engine/Content/MobileResources/HUD/DefaultVirtualJoysticks.uasset" 190
"../../../Engine/Content/MobileResources/HUD/LeftVirtualJoystickOnly.uasset" 191
"../../../Engine/Content/MobileResources/HUD/MobileHUDButton1_off.uasset" 192
"../../../Engine/Content/MobileResources/HUD/MobileHUDButton1_on.uasset" 193
"../../../Engine/Content/MobileResources/HUD/MobileHUDButton2_off.uasset" 194
"../../../Engine/Content/MobileResources/HUD/MobileHUDButton2_on.uasset" 195
"../../../Engine/Content/MobileResources/HUD/MobileHUDButton3.uasset" 196
"../../../Engine/Content/MobileResources/HUD/MobileHUDButtonFire.uasset" 197
"../../../Engine/Content/MobileResources/HUD/MobileHUDDirectionPad.uasset" 198
"../../../Engine/Content/MobileResources/HUD/MobileHUDDirectionPad2.uasset" 199
"../../../Engine/Content/MobileResources/HUD/MobileHUDDirectionPad3.uasset" 200
"../../../Engine/Content/MobileResources/HUD/MobileHUDDirectionStick.uasset" 201
"../../../Engine/Content/MobileResources/HUD/T_Castle_ThumbstickInner.uasset" 202
"../../../Engine/Content/MobileResources/HUD/T_Castle_ThumbstickOutter.uasset" 203
"../../../Engine/Content/Tutorial/ContentIntroCurve.uasset" 204
"../../../Engine/Content/Tutorial/Basics/LevelEditorAttract.uasset" 205
"../../../Engine/Content/Tutorial/Basics/TutorialAssets/icon_tab_Levels_40x.uasset" 206
"../../../Engine/Content/Tutorial/Basics/LevelEditorOverview.uasset" 207
"../../../Engine/Content/Tutorial/BlueprintTutorials/TutorialAssets/Blueprint_64x.uasset" 208
"../../../Engine/Content/Tutorial/BlueprintTutorials/BlueprintEditorTutorial.uasset" 209
"../../../Engine/Content/Tutorial/BlueprintTutorials/LevelBlueprintEditorOverview.uasset" 210
"../../../Engine/Content/Tutorial/Foliage/TutorialAssets/Foliage.uasset" 211
"../../../Engine/Content/Tutorial/Foliage/Foliage_Intro_Tutorial.uasset" 212
"../../../Engine/Content/Tutorial/Foliage/Foliage_Settings_Tutorial.uasset" 213
"../../../Engine/Content/Tutorial/Foliage/Foliage_Using_The_Tool_Tutorial.uasset" 214
"../../../Engine/Content/Tutorial/SubEditors/MaterialEditorTutorial.uasset" 215
"../../../Engine/Content/VREditor/LaserPointer/VR_LaserPower_01.uasset" 216
"../../../Engine/Content/VREditor/TransformGizmo/TransformGizmoMaterial.uasset" 217
"../../../Engine/Content/VREditor/TransformGizmo/TranslucentTransformGizmoMaterial.uasset" 218
"../../../Engine/Content/VREditor/TransformGizmo/BoundingBoxCorner.uasset" 219
"../../../Engine/Content/VREditor/TransformGizmo/BoundingBoxEdge.uasset" 220
"../../../Engine/Content/VREditor/TransformGizmo/PlaneTranslationHandle.uasset" 221
"../../../Engine/Content/VREditor/TransformGizmo/Main.uasset" 222
"../../../Engine/Content/VREditor/TransformGizmo/Xray.uasset" 223
"../../../Engine/Content/VREditor/TransformGizmo/SM_Sequencer_Key.uasset" 224
"../../../Engine/Content/VREditor/TransformGizmo/SM_Sequencer_Node.uasset" 225
"../../Plugins/2D/Paper2D/Content/PlaceholderTextures/DummySpriteTexture.uasset" 226
"../../Plugins/2D/Paper2D/Content/DummySprite.uasset" 227
"../../Plugins/2D/Paper2D/Content/DefaultPaperTerrainMaterial.uasset" 228
"../../Plugins/2D/Paper2D/Content/DefaultSpriteMaterial.uasset" 229
"../../Plugins/2D/Paper2D/Content/MaskedUnlitSpriteMaterial.uasset" 230
"../../Plugins/2D/Paper2D/Content/OpaqueUnlitSpriteMaterial.uasset" 231
"../../Plugins/FX/Niagara/Content/Enums/ENiagaraBooleanLogicOps.uasset" 232
"../../Plugins/FX/Niagara/Content/Enums/ENiagaraCoordinateSpace.uasset" 233
"../../Plugins/FX/Niagara/Content/Enums/ENiagaraExpansionMode.uasset" 234
"../../Plugins/FX/Niagara/Content/Enums/ENiagaraOrientationAxis.uasset" 235
"../../Plugins/FX/Niagara/Content/Enums/ENiagaraRandomnessMode.uasset" 236
"../../../Engine/Content/Functions/Engine_MaterialFunctions02/Utility/BreakOutFloat4Components.uasset" 237
"../../../Engine/Content/Functions/Engine_MaterialFunctions02/Utility/MakeFloat2.uasset" 238
"../../../Engine/Content/Functions/Engine_MaterialFunctions02/Utility/MakeFloat3.uasset" 239
"../../Plugins/Runtime/Oculus/OculusVR/Content/Materials/OculusMR_ChromaKey.uasset" 240
"../../Plugins/Runtime/Oculus/OculusVR/Content/Materials/OculusMR_ChromaKey_Lit.uasset" 241
"../../Plugins/Runtime/Oculus/OculusVR/Content/Materials/OculusMR_OpaqueColoredMaterial.uasset" 242
"../../Plugins/Runtime/Oculus/OculusVR/Content/Materials/OculusMR_WhiteMaterial.uasset" 243
"../../../Engine/Content/EngineSky/C_Sky_Cloud_Color.uasset" 244
"../../../Engine/Content/EngineSky/C_Sky_Horizon_Color.uasset" 245
"../../../Engine/Content/EngineSky/C_Sky_Zenith_Color.uasset" 246
"../../../Engine/Content/EngineSky/T_Sky_Blue.uasset" 247
"../../../Engine/Content/EngineSky/T_Sky_Clouds_M.uasset" 248
"../../../Engine/Content/EngineSky/T_Sky_Stars.uasset" 249
"../../../Engine/Content/EngineSky/M_Sky_Panning_Clouds2.uasset" 250
"../../../Engine/Content/EngineSky/SM_SkySphere.uasset" 251
"../../../Engine/Content/EngineSky/BP_Sky_Sphere.uasset" 252
"../../../../../Perforce/Eric.Galway_GBC/Eric.Galway/Assignment1/Content/bp_FixedCamera.uasset" 253
"../../../../../Perforce/Eric.Galway_GBC/Eric.Galway/Assignment1/Content/MainLevel_BuiltData.uasset" 254
"../../../../../Perforce/Eric.Galway_GBC/Eric.Galway/Assignment1/Content/MainLevel.umap" 255
"../../../Engine/Content/Maps/Entry_BuiltData.uasset" 256
"../../../Engine/Content/Maps/Entry.umap" 257
